db_0031_4b8dd78b.pbm 1
db_0032_4b8dd78c.pbm 2
db_0033_4b8dd78c.pbm 3
db_0034_4b8dd78d.pbm 4
db_0035_4b8dd78d.pbm 5
db_0036_4b8dd78e.pbm 6
db_0037_4b8dd78f.pbm 7
db_0038_4b8dd78f.pbm 8
db_0039_4b8dd790.pbm 9
db_0030_4b8dd791.pbm 0
db_0031_4b8dd798.pbm 1
db_0032_4b8dd799.pbm 2
db_0033_4b8dd799.pbm 3
db_0034_4b8dd79a.pbm 4
db_0035_4b8dd79a.pbm 5
db_0036_4b8dd79b.pbm 6
db_0037_4b8dd79c.pbm 7
db_0038_4b8dd79c.pbm 8
db_0039_4b8dd79d.pbm 9
db_0030_4b8dd79e.pbm 0
db_0031_4b8dd7a4.pbm 1
db_0032_4b8dd7a5.pbm 2
db_0033_4b8dd7a5.pbm 3
db_0034_4b8dd7a6.pbm 4
db_0035_4b8dd7a7.pbm 5
db_0036_4b8dd7a8.pbm 6
db_0037_4b8dd7a9.pbm 7
db_0038_4b8dd7aa.pbm 8
db_0039_4b8dd7ab.pbm 9
db_0030_4b8dd7ac.pbm 0
db_0031_4b8dd7b2.pbm 1
db_0032_4b8dd7b2.pbm 2
db_0033_4b8dd7b3.pbm 3
db_0034_4b8dd7b4.pbm 4
db_0035_4b8dd7b4.pbm 5
db_0036_4b8dd7b5.pbm 6
db_0037_4b8dd7b6.pbm 7
db_0038_4b8dd7b7.pbm 8
db_0039_4b8dd7b8.pbm 9
db_0030_4b8dd7b8.pbm 0
db_0031_4b8dd7be.pbm 1
db_0032_4b8dd7be.pbm 2
db_0033_4b8dd7bf.pbm 3
db_0034_4b8dd7c0.pbm 4
db_0035_4b8dd7c0.pbm 5
db_0036_4b8dd7c1.pbm 6
db_0037_4b8dd7c2.pbm 7
db_0038_4b8dd7c2.pbm 8
db_0039_4b8dd7c3.pbm 9
db_0030_4b8dd7c4.pbm 0
db_0031_4b8dd7cb.pbm 1
db_0032_4b8dd7cc.pbm 2
db_0033_4b8dd7cc.pbm 3
db_0034_4b8dd7cd.pbm 4
db_0035_4b8dd7ce.pbm 5
db_0036_4b8dd7ce.pbm 6
db_0037_4b8dd7cf.pbm 7
db_0038_4b8dd7cf.pbm 8
db_0039_4b8dd7d0.pbm 9
db_0030_4b8dd7d1.pbm 0
db_0031_4b8dd7da.pbm 1
db_0032_4b8dd7da.pbm 2
db_0033_4b8dd7db.pbm 3
db_0034_4b8dd7dc.pbm 4
db_0035_4b8dd7dd.pbm 5
db_0036_4b8dd7de.pbm 6
db_0037_4b8dd7df.pbm 7
db_0038_4b8dd7df.pbm 8
db_0039_4b8dd7e0.pbm 9
db_0030_4b8dd7e1.pbm 0
db_0031_4b8dd7e7.pbm 1
db_0032_4b8dd7e8.pbm 2
db_0033_4b8dd7e8.pbm 3
db_0034_4b8dd7e9.pbm 4
db_0035_4b8dd7e9.pbm 5
db_0036_4b8dd7ea.pbm 6
db_0037_4b8dd7eb.pbm 7
db_0038_4b8dd7eb.pbm 8
db_0039_4b8dd7ec.pbm 9
db_0030_4b8dd7ed.pbm 0
db_0031_4b8dd7f0.pbm 1
db_0032_4b8dd7f1.pbm 2
db_0033_4b8dd7f2.pbm 3
db_0034_4b8dd7f3.pbm 4
db_0035_4b8dd7f4.pbm 5
db_0036_4b8dd7f4.pbm 6
db_0037_4b8dd7f5.pbm 7
db_0038_4b8dd7f6.pbm 8
db_0039_4b8dd7f7.pbm 9
db_0030_4b8dd7f7.pbm 0
db_0031_4b8dd7fd.pbm 1
db_0032_4b8dd7fe.pbm 2
db_0033_4b8dd7fe.pbm 3
db_0034_4b8dd7ff.pbm 4
db_0035_4b8dd7ff.pbm 5
db_0036_4b8dd800.pbm 6
db_0037_4b8dd801.pbm 7
db_0038_4b8dd801.pbm 8
db_0039_4b8dd802.pbm 9
db_0030_4b8dd802.pbm 0
db_0031_4b8dd807.pbm 1
db_0032_4b8dd807.pbm 2
db_0033_4b8dd808.pbm 3
db_0034_4b8dd808.pbm 4
db_0035_4b8dd809.pbm 5
db_0036_4b8dd809.pbm 6
db_0037_4b8dd80a.pbm 7
db_0038_4b8dd80b.pbm 8
db_0039_4b8dd80b.pbm 9
db_0030_4b8dd80c.pbm 0
db_0031_4b8dd82c.pbm 1
db_0032_4b8dd82d.pbm 2
db_0033_4b8dd82e.pbm 3
db_0034_4b8dd82e.pbm 4
db_0035_4b8dd82f.pbm 5
db_0036_4b8dd830.pbm 6
db_0037_4b8dd830.pbm 7
db_0038_4b8dd831.pbm 8
db_0039_4b8dd831.pbm 9
db_0030_4b8dd833.pbm 0
db_0031_4b8dd838.pbm 1
db_0032_4b8dd839.pbm 2
db_0033_4b8dd83a.pbm 3
db_0034_4b8dd83b.pbm 4
db_0035_4b8dd83b.pbm 5
db_0036_4b8dd83c.pbm 6
db_0037_4b8dd83c.pbm 7
db_0038_4b8dd83d.pbm 8
db_0039_4b8dd83d.pbm 9
db_0030_4b8dd83e.pbm 0
db_0031_4b8dd842.pbm 1
db_0032_4b8dd842.pbm 2
db_0033_4b8dd843.pbm 3
db_0034_4b8dd844.pbm 4
db_0035_4b8dd844.pbm 5
db_0036_4b8dd845.pbm 6
db_0037_4b8dd845.pbm 7
db_0038_4b8dd846.pbm 8
db_0039_4b8dd846.pbm 9
db_0030_4b8dd847.pbm 0
db_0031_4b8dd84c.pbm 1
db_0032_4b8dd84d.pbm 2
db_0033_4b8dd84e.pbm 3
db_0034_4b8dd84e.pbm 4
db_0035_4b8dd84f.pbm 5
db_0036_4b8dd84f.pbm 6
db_0037_4b8dd850.pbm 7
db_0038_4b8dd851.pbm 8
db_0039_4b8dd851.pbm 9
db_0030_4b8dd852.pbm 0
db_0031_4b8dd857.pbm 1
db_0032_4b8dd858.pbm 2
db_0033_4b8dd859.pbm 3
db_0034_4b8dd85a.pbm 4
db_0035_4b8dd85b.pbm 5
db_0036_4b8dd85b.pbm 6
db_0037_4b8dd85d.pbm 7
db_0038_4b8dd85e.pbm 8
db_0039_4b8dd85e.pbm 9
db_0030_4b8dd85f.pbm 0
db_0031_4b8dd865.pbm 1
db_0032_4b8dd866.pbm 2
db_0033_4b8dd867.pbm 3
db_0034_4b8dd868.pbm 4
db_0035_4b8dd868.pbm 5
db_0036_4b8dd869.pbm 6
db_0037_4b8dd86a.pbm 7
db_0038_4b8dd86b.pbm 8
db_0039_4b8dd86b.pbm 9
db_0030_4b8dd86c.pbm 0
db_0031_4b8dd871.pbm 1
db_0032_4b8dd872.pbm 2
db_0033_4b8dd873.pbm 3
db_0034_4b8dd874.pbm 4
db_0035_4b8dd875.pbm 5
db_0036_4b8dd875.pbm 6
db_0037_4b8dd876.pbm 7
db_0038_4b8dd877.pbm 8
db_0039_4b8dd878.pbm 9
db_0030_4b8dd878.pbm 0
db_0031_4b8dd87c.pbm 1
db_0032_4b8dd87d.pbm 2
db_0033_4b8dd87e.pbm 3
db_0034_4b8dd87f.pbm 4
db_0035_4b8dd880.pbm 5
db_0036_4b8dd881.pbm 6
db_0037_4b8dd882.pbm 7
db_0038_4b8dd883.pbm 8
db_0039_4b8dd883.pbm 9
db_0030_4b8dd884.pbm 0
db_0031_4b8dd889.pbm 1
db_0032_4b8dd88a.pbm 2
db_0033_4b8dd88a.pbm 3
db_0034_4b8dd88b.pbm 4
db_0035_4b8dd88b.pbm 5
db_0036_4b8dd88c.pbm 6
db_0037_4b8dd88d.pbm 7
db_0038_4b8dd88e.pbm 8
db_0039_4b8dd88f.pbm 9
db_0030_4b8dd891.pbm 0
db_0031_4b8dd896.pbm 1
db_0032_4b8dd897.pbm 2
db_0033_4b8dd898.pbm 3
db_0034_4b8dd898.pbm 4
db_0035_4b8dd899.pbm 5
db_0036_4b8dd89a.pbm 6
db_0037_4b8dd89b.pbm 7
db_0038_4b8dd89c.pbm 8
db_0039_4b8dd89d.pbm 9
db_0030_4b8dd89e.pbm 0
db_0031_4b8dda0b.pbm 1
db_0032_4b8dda0d.pbm 2
db_0033_4b8dda0f.pbm 3
db_0034_4b8dda1a.pbm 4
db_0035_4b8dda1c.pbm 5
db_0036_4b8dda1f.pbm 6
db_0037_4b8dda21.pbm 7
db_0038_4b8dda23.pbm 8
db_0039_4b8dda24.pbm 9
db_0030_4b8dda26.pbm 0
db_0031_4b8dda2a.pbm 1
db_0032_4b8dda2c.pbm 2
db_0033_4b8dda2e.pbm 3
db_0034_4b8dda31.pbm 4
db_0035_4b8dda33.pbm 5
db_0036_4b8dda35.pbm 6
db_0037_4b8dda37.pbm 7
db_0038_4b8dda3a.pbm 8
db_0039_4b8dda3c.pbm 9
db_0030_4b8dda3f.pbm 0
db_0031_4b8dda5b.pbm 1
db_0032_4b8dda5d.pbm 2
db_0033_4b8dda60.pbm 3
db_0034_4b8dda62.pbm 4
db_0035_4b8dda65.pbm 5
db_0036_4b8dda67.pbm 6
db_0037_4b8dda69.pbm 7
db_0038_4b8dda6b.pbm 8
db_0039_4b8dda6c.pbm 9
db_0030_4b8dda70.pbm 0
db_0031_4b8dda72.pbm 1
db_0032_4b8dda74.pbm 2
db_0033_4b8dda76.pbm 3
db_0034_4b8dda78.pbm 4
db_0035_4b8dda7a.pbm 5
db_0036_4b8dda7c.pbm 6
db_0037_4b8dda7d.pbm 7
db_0038_4b8dda7f.pbm 8
db_0039_4b8dda81.pbm 9
db_0030_4b8dda84.pbm 0
db_0031_4b8dda87.pbm 1
db_0032_4b8dda89.pbm 2
db_0033_4b8dda8b.pbm 3
db_0034_4b8dda8e.pbm 4
db_0035_4b8dda90.pbm 5
db_0036_4b8dda92.pbm 6
db_0037_4b8dda94.pbm 7
db_0038_4b8dda95.pbm 8
db_0039_4b8dda97.pbm 9
db_0030_4b8dda9d.pbm 0
db_0031_4b8ddaa0.pbm 1
db_0032_4b8ddaa2.pbm 2
db_0033_4b8ddaa4.pbm 3
db_0034_4b8ddaa6.pbm 4
db_0035_4b8ddaaa.pbm 5
db_0036_4b8ddaac.pbm 6
db_0037_4b8ddaad.pbm 7
db_0038_4b8ddaaf.pbm 8
db_0039_4b8ddab0.pbm 9
db_0030_4b8ddab1.pbm 0
db_0031_4b8ddabc.pbm 1
db_0032_4b8ddabe.pbm 2
db_0033_4b8ddabf.pbm 3
db_0034_4b8ddac1.pbm 4
db_0035_4b8ddac2.pbm 5
db_0036_4b8ddac4.pbm 6
db_0037_4b8ddac5.pbm 7
db_0038_4b8ddac7.pbm 8
db_0039_4b8ddac8.pbm 9
db_0030_4b8ddaca.pbm 0
db_0031_4b8ddacc.pbm 1
db_0032_4b8ddacd.pbm 2
db_0033_4b8ddacf.pbm 3
db_0034_4b8ddad0.pbm 4
db_0035_4b8ddad2.pbm 5
db_0036_4b8ddad8.pbm 6
db_0037_4b8ddada.pbm 7
db_0038_4b8ddadc.pbm 8
db_0039_4b8ddade.pbm 9
db_0030_4b8ddae1.pbm 0
db_0031_4b8ddae3.pbm 1
db_0032_4b8ddae6.pbm 2
db_0033_4b8ddae8.pbm 3
db_0034_4b8ddaea.pbm 4
db_0035_4b8ddaed.pbm 5
db_0036_4b8ddaf0.pbm 6
db_0037_4b8ddaf1.pbm 7
db_0038_4b8ddaf3.pbm 8
db_0039_4b8ddaf5.pbm 9
db_0030_4b8ddaf6.pbm 0
db_0031_4b8ddaf9.pbm 1
db_0032_4b8ddafa.pbm 2
db_0033_4b8ddafc.pbm 3
db_0034_4b8ddaff.pbm 4
db_0035_4b8ddb00.pbm 5
db_0036_4b8ddb02.pbm 6
db_0037_4b8ddb03.pbm 7
db_0038_4b8ddb05.pbm 8
db_0039_4b8ddb07.pbm 9
db_0030_4b8ddb08.pbm 0
db_0031_4b8ddb41.pbm 1
db_0032_4b8ddb44.pbm 2
db_0033_4b8ddb46.pbm 3
db_0034_4b8ddb49.pbm 4
db_0035_4b8ddb4c.pbm 5
db_0036_4b8ddb4e.pbm 6
db_0037_4b8ddb51.pbm 7
db_0038_4b8ddb53.pbm 8
db_0039_4b8ddb55.pbm 9
db_0030_4b8ddb57.pbm 0
db_0031_4b8ddb5c.pbm 1
db_0032_4b8ddb5e.pbm 2
db_0033_4b8ddb60.pbm 3
db_0034_4b8ddb62.pbm 4
db_0035_4b8ddb64.pbm 5
db_0036_4b8ddb66.pbm 6
db_0037_4b8ddb68.pbm 7
db_0038_4b8ddb6a.pbm 8
db_0039_4b8ddb6c.pbm 9
db_0030_4b8ddb6f.pbm 0
db_0031_4b8ddb75.pbm 1
db_0032_4b8ddb77.pbm 2
db_0033_4b8ddb79.pbm 3
db_0034_4b8ddb7c.pbm 4
db_0035_4b8ddb7e.pbm 5
db_0036_4b8ddb81.pbm 6
db_0037_4b8ddb83.pbm 7
db_0038_4b8ddb85.pbm 8
db_0039_4b8ddb88.pbm 9
db_0030_4b8ddb8a.pbm 0
db_0031_4b8ddba7.pbm 1
db_0032_4b8ddba9.pbm 2
db_0033_4b8ddbab.pbm 3
db_0034_4b8ddbad.pbm 4
db_0035_4b8ddbaf.pbm 5
db_0036_4b8ddbb1.pbm 6
db_0037_4b8ddbb3.pbm 7
db_0038_4b8ddbb5.pbm 8
db_0039_4b8ddbb7.pbm 9
db_0030_4b8ddbba.pbm 0
db_0031_4b8ddbbc.pbm 1
db_0032_4b8ddbc5.pbm 2
db_0033_4b8ddbc8.pbm 3
db_0034_4b8ddbd0.pbm 4
db_0035_4b8ddbd3.pbm 5
db_0036_4b8ddbd5.pbm 6
db_0037_4b8ddbd7.pbm 7
db_0038_4b8ddbd9.pbm 8
db_0039_4b8ddbdb.pbm 9
db_0030_4b8ddbdd.pbm 0
db_0031_4b8ddbdf.pbm 1
db_0032_4b8ddbe1.pbm 2
db_0033_4b8ddbe4.pbm 3
db_0034_4b8ddbe6.pbm 4
db_0035_4b8ddbe8.pbm 5
db_0036_4b8ddbea.pbm 6
db_0037_4b8ddbeb.pbm 7
db_0038_4b8ddbed.pbm 8
db_0039_4b8ddbef.pbm 9
db_0030_4b8ddbf1.pbm 0
db_0031_4b8ddbfa.pbm 1
db_0032_4b8ddbfc.pbm 2
db_0033_4b8ddbfd.pbm 3
db_0034_4b8ddbff.pbm 4
db_0035_4b8ddc02.pbm 5
db_0036_4b8ddc05.pbm 6
db_0037_4b8ddc07.pbm 7
db_0038_4b8ddc09.pbm 8
db_0039_4b8ddc0b.pbm 9
db_0030_4b8ddc0d.pbm 0
db_0031_4b8ddc0f.pbm 1
db_0032_4b8ddc12.pbm 2
db_0033_4b8ddc13.pbm 3
db_0034_4b8ddc16.pbm 4
db_0035_4b8ddc18.pbm 5
db_0036_4b8ddc1a.pbm 6
db_0037_4b8ddc1c.pbm 7
db_0038_4b8ddc1e.pbm 8
db_0039_4b8ddc20.pbm 9
db_0030_4b8ddc22.pbm 0
db_0031_4b8ddc35.pbm 1
db_0032_4b8ddc38.pbm 2
db_0033_4b8ddc3a.pbm 3
db_0034_4b8ddc3c.pbm 4
db_0035_4b8ddc3e.pbm 5
db_0036_4b8ddc40.pbm 6
db_0037_4b8ddc42.pbm 7
db_0038_4b8ddc43.pbm 8
db_0039_4b8ddc46.pbm 9
db_0030_4b8ddc47.pbm 0
db_0031_4b8ddc4f.pbm 1
db_0032_4b8ddc51.pbm 2
db_0033_4b8ddc53.pbm 3
db_0034_4b8ddc55.pbm 4
db_0035_4b8ddc57.pbm 5
db_0036_4b8ddc5a.pbm 6
db_0037_4b8ddc5c.pbm 7
db_0038_4b8ddc5e.pbm 8
db_0039_4b8ddc5f.pbm 9
db_0030_4b8ddc62.pbm 0
db_0031_4b8ddc6d.pbm 1
db_0032_4b8ddc6e.pbm 2
db_0033_4b8ddc70.pbm 3
db_0034_4b8ddc72.pbm 4
db_0035_4b8ddc73.pbm 5
db_0036_4b8ddc75.pbm 6
db_0037_4b8ddc77.pbm 7
db_0038_4b8ddc79.pbm 8
db_0039_4b8ddc7b.pbm 9
db_0030_4b8ddc7d.pbm 0
db_0031_4b8ddc7f.pbm 1
db_0032_4b8ddc82.pbm 2
db_0033_4b8ddc84.pbm 3
db_0034_4b8ddc86.pbm 4
db_0035_4b8ddc88.pbm 5
db_0036_4b8ddc8a.pbm 6
db_0037_4b8ddc8b.pbm 7
db_0038_4b8ddc8d.pbm 8
db_0039_4b8ddc8f.pbm 9
db_0030_4b8ddc92.pbm 0
db_0031_4b8ddc97.pbm 1
db_0032_4b8ddc99.pbm 2
db_0033_4b8ddc9b.pbm 3
db_0034_4b8ddc9d.pbm 4
db_0035_4b8ddc9e.pbm 5
db_0036_4b8ddca0.pbm 6
db_0037_4b8ddca2.pbm 7
db_0038_4b8ddca4.pbm 8
db_0039_4b8ddca6.pbm 9
db_0030_4b8ddca8.pbm 0
db_0031_4b8ddcaa.pbm 1
db_0032_4b8ddcac.pbm 2
db_0033_4b8ddcae.pbm 3
db_0034_4b8ddcb0.pbm 4
db_0035_4b8ddcb2.pbm 5
db_0036_4b8ddcb4.pbm 6
db_0037_4b8ddcb6.pbm 7
db_0038_4b8ddcb9.pbm 8
db_0039_4b8ddcbb.pbm 9
db_0030_4b8ddcbd.pbm 0
db_0031_4b8ddcbf.pbm 1
db_0032_4b8ddcc2.pbm 2
db_0033_4b8ddcc3.pbm 3
db_0034_4b8ddcc4.pbm 4
db_0035_4b8ddcc4.pbm 5
db_0036_4b8ddcc5.pbm 6
db_0037_4b8ddcc7.pbm 7
db_0038_4b8ddcc8.pbm 8
db_0039_4b8ddcc9.pbm 9
db_0030_4b8ddcca.pbm 0
db_0031_4b8ddccb.pbm 1
db_0032_4b8ddccc.pbm 2
db_0033_4b8ddccd.pbm 3
db_0034_4b8ddcce.pbm 4
db_0035_4b8ddccf.pbm 5
db_0036_4b8ddcd0.pbm 6
db_0037_4b8ddcd1.pbm 7
db_0038_4b8ddcd2.pbm 8
db_0039_4b8ddcd3.pbm 9
db_0030_4b8ddcd4.pbm 0
db_0033_4b8f11ec.pbm 3
db_0034_4b8f1455.pbm 4
db_0032_4b8f1457.pbm 2
db_0032_4b8f1458.pbm 2
db_0032_4b8f145a.pbm 2
db_0032_4b8f145b.pbm 2
db_0033_4b8f145c.pbm 3
db_0031_4b8f6f9a.pbm 1
db_0032_4b8f6f9b.pbm 2
db_0033_4b8f6f9b.pbm 3
db_0034_4b8f6f9c.pbm 4
db_0035_4b8f6f9d.pbm 5
db_0036_4b8f6f9e.pbm 6
db_0037_4b8f6f9f.pbm 7
db_0038_4b8f6fa0.pbm 8
db_0039_4b8f6fa1.pbm 9
db_0030_4b8f6fa1.pbm 0
db_0031_4b8f6fa7.pbm 1
db_0032_4b8f6fa8.pbm 2
db_0033_4b8f6fa9.pbm 3
db_0034_4b8f6fa9.pbm 4
db_0035_4b8f6faa.pbm 5
db_0036_4b8f6fab.pbm 6
db_0037_4b8f6fab.pbm 7
db_0038_4b8f6fad.pbm 8
db_0039_4b8f6fae.pbm 9
db_0030_4b8f6faf.pbm 0
