n-20150316174157-blockImg-kensakekka-a.png
n-20150316174157-blockImg-kensakekka-b.png
n-R0118076005-S05037307100-20150317091007-blockImg-minus1.png
n-R0118076005-S05037307100-20150317091007-blockImg-minus2.png
n-R0118076005-S05037307100-20150317091018-blockImg-minus1.png
n-R0118076005-S05037307100-20150317091018-blockImg-minus2.png
n-R0223034015-S05037307100-20150313183008-blockImg-minus1.png
n-R0223034015-S05037307100-20150313183008-blockImg-minus2.png
n-R0335603202-S05037307100-20150313161018-blockImg-minus1.png
n-R0335603202-S05037307100-20150313161018-blockImg-minus2.png
n-R0445201841-S05037307100-20150313163018-blockImg-minus1.png
n-R0445201841-S05037307100-20150313163018-blockImg-minus2.png
n-R0445201841-S05037307100-20150313163028-blockImg-minus1.png
n-R0445201841-S05037307100-20150313163028-blockImg-minus2.png
n-R0484586204-S05037307100-20150323205006-blockImg-minus1.png
n-R0484586204-S05037307100-20150323205006-blockImg-minus2.png
n-R0484586253-S05037307100-20150317124007-blockImg-minus1.png
n-R0484586253-S05037307100-20150317124007-blockImg-minus2.png
n-R0484586253-S05037307100-20150317124018-blockImg-minus1.png
n-R0484586253-S05037307100-20150317124018-blockImg-minus2.png
n-R0484586253-S05037307100-20150317124029-blockImg-minus1.png
n-R0484586253-S05037307100-20150317124029-blockImg-minus2.png
n-R0484586270-S05037307100-20150316141007-blockImg-minus1.png
n-R0484586270-S05037307100-20150316141007-blockImg-minus2.png
n-R0484586270-S05037307100-20150318102007-blockImg-minus1.png
n-R0484586270-S05037307100-20150318102007-blockImg-minus2.png
n-R0484586270-S05037307100-20150318102017-blockImg-minus1.png
n-R0484586270-S05037307100-20150318102017-blockImg-minus2.png
n-R0484586270-S05037307100-20150318102028-blockImg-minus1.png
n-R0484586270-S05037307100-20150318102028-blockImg-minus2.png
n-R0484586270-S05037307100-20150318102038-blockImg-minus1.png
n-R0484586270-S05037307100-20150318102038-blockImg-minus2.png
n-R0484586270-S05037307100-20150318102048-blockImg-minus1.png
n-R0484586270-S05037307100-20150318102048-blockImg-minus2.png
n-R0484586270-S05037307100-20150318102059-blockImg-minus1.png
n-R0484586270-S05037307100-20150318102059-blockImg-minus2.png
n-R0484586270-S05037307100-20150318102110-blockImg-minus1.png
n-R0484586270-S05037307100-20150318102110-blockImg-minus2.png
n-R0484586270-S05037307100-20150318102120-blockImg-minus1.png
n-R0484586270-S05037307100-20150318102120-blockImg-minus2.png
n-R0484586270-S05037307100-20150318102130-blockImg-minus1.png
n-R0484586270-S05037307100-20150318102130-blockImg-minus2.png
n-R0484586270-S05037307100-20150318102141-blockImg-minus1.png
n-R0484586270-S05037307100-20150318102141-blockImg-minus2.png
n-R0484586270-S05037307100-20150318102151-blockImg-minus1.png
n-R0484586270-S05037307100-20150318102151-blockImg-minus2.png
n-R0484586270-S05037307100-20150318102202-blockImg-minus1.png
n-R0484586270-S05037307100-20150318102202-blockImg-minus2.png
n-R0484586270-S05037307100-20150318121007-blockImg-minus1.png
n-R0484586270-S05037307100-20150318121007-blockImg-minus2.png
n-R0484586305-S05037307100-20150316130007-blockImg-minus1.png
n-R0484586305-S05037307100-20150316130007-blockImg-minus2.png
n-R0484687983-S05037307100-20150317100016-blockImg-minus1.png
n-R0484687983-S05037307100-20150317100016-blockImg-minus2.png
n-R0484687985-S05037307100-20150316110007-blockImg-minus1.png
n-R0484687985-S05037307100-20150316110007-blockImg-minus2.png
n-R0484687985-S05037307100-20150316150007-blockImg-minus1.png
n-R0484687985-S05037307100-20150316150007-blockImg-minus2.png
n-R0484687985-S05037307100-20150316150018-blockImg-minus1.png
n-R0484687985-S05037307100-20150316150018-blockImg-minus2.png
n-R0484687985-S05037307100-20150318135016-blockImg-minus1.png
n-R0484687985-S05037307100-20150318135016-blockImg-minus2.png
n-R0484690326-S05037307100-20150312123507-blockImg-minus1.png
n-R0484690326-S05037307100-20150312123507-blockImg-minus2.png
n-R0484690326-S05037307100-20150313133203-blockImg-minus1.png
n-R0484690326-S05037307100-20150313133203-blockImg-minus2.png
n-R0484690326-S05037307100-20150313163008-blockImg-minus1.png
n-R0484690326-S05037307100-20150313163008-blockImg-minus2.png
n-R0484690326-S05037307100-20150317120007-blockImg-minus1.png
n-R0484690326-S05037307100-20150317120007-blockImg-minus2.png
n-R0484691736-S05037307100-20150317160008-blockImg-minus1.png
n-R0484691736-S05037307100-20150317160008-blockImg-minus2.png
n-R0484691736-S05037307100-20150317160018-blockImg-minus1.png
n-R0484691736-S05037307100-20150317160018-blockImg-minus2.png
n-R0484691736-S05037307100-20150317160028-blockImg-minus1.png
n-R0484691736-S05037307100-20150317160028-blockImg-minus2.png
n-R0484691736-S05037307100-20150317160038-blockImg-minus1.png
n-R0484691736-S05037307100-20150317160038-blockImg-minus2.png
n-R0484691736-S05037307100-20150317160048-blockImg-minus1.png
n-R0484691736-S05037307100-20150317160048-blockImg-minus2.png
n-R0484691736-S05037307100-20150317160059-blockImg-minus1.png
n-R0484691736-S05037307100-20150317160059-blockImg-minus2.png
n-R0484691736-S05037307100-20150317160117-blockImg-minus1.png
n-R0484691736-S05037307100-20150317160117-blockImg-minus2.png
n-R0484691736-S05037307100-20150317160127-blockImg-minus1.png
n-R0484691736-S05037307100-20150317160127-blockImg-minus2.png
n-R0484691736-S05037307100-20150317160137-blockImg-minus1.png
n-R0484691736-S05037307100-20150317160137-blockImg-minus2.png
n-R0484691736-S05037307100-20150317160147-blockImg-minus1.png
n-R0484691736-S05037307100-20150317160147-blockImg-minus2.png
n-R0484691736-S05037307100-20150317160157-blockImg-minus1.png
n-R0484691736-S05037307100-20150317160157-blockImg-minus2.png
n-R0783042700-S05037307100-20150313161007-blockImg-minus1.png
n-R0783042700-S05037307100-20150313161007-blockImg-minus2.png
n-R0828301660-S05037307100-20150317194007-blockImg-minus1.png
n-R0828301660-S05037307100-20150317194007-blockImg-minus2.png
n-RUNNUMBER-S05037307100-20150314193008-blockImg-minus1.png
n-RUNNUMBER-S05037307100-20150314193008-blockImg-minus2.png
p-R0118076005-S05037307100-20150317091007-blockImg-plus1.png
p-R0118076005-S05037307100-20150317091007-blockImg-plus2.png
p-R0118076005-S05037307100-20150317091018-blockImg-plus1.png
p-R0118076005-S05037307100-20150317091018-blockImg-plus2.png
p-R0223034015-S05037307100-20150313183008-blockImg-plus1.png
p-R0223034015-S05037307100-20150313183008-blockImg-plus2.png
p-R0335603202-S05037307100-20150313161018-blockImg-plus1.png
p-R0335603202-S05037307100-20150313161018-blockImg-plus2.png
p-R0445201841-S05037307100-20150313163018-blockImg-plus1.png
p-R0445201841-S05037307100-20150313163018-blockImg-plus2.png
p-R0445201841-S05037307100-20150313163028-blockImg-plus1.png
p-R0445201841-S05037307100-20150313163028-blockImg-plus2.png
p-R0484586204-S05037307100-20150323205006-blockImg-plus1.png
p-R0484586204-S05037307100-20150323205006-blockImg-plus2.png
p-R0484586253-S05037307100-20150317124007-blockImg-plus1.png
p-R0484586253-S05037307100-20150317124007-blockImg-plus2.png
p-R0484586253-S05037307100-20150317124018-blockImg-plus1.png
p-R0484586253-S05037307100-20150317124018-blockImg-plus2.png
p-R0484586253-S05037307100-20150317124029-blockImg-plus1.png
p-R0484586253-S05037307100-20150317124029-blockImg-plus2.png
p-R0484586270-S05037307100-20150316141007-blockImg-plus1.png
p-R0484586270-S05037307100-20150316141007-blockImg-plus2.png
p-R0484586270-S05037307100-20150318102007-blockImg-plus1.png
p-R0484586270-S05037307100-20150318102007-blockImg-plus2.png
p-R0484586270-S05037307100-20150318102017-blockImg-plus1.png
p-R0484586270-S05037307100-20150318102017-blockImg-plus2.png
p-R0484586270-S05037307100-20150318102028-blockImg-plus1.png
p-R0484586270-S05037307100-20150318102028-blockImg-plus2.png
p-R0484586270-S05037307100-20150318102038-blockImg-plus1.png
p-R0484586270-S05037307100-20150318102038-blockImg-plus2.png
p-R0484586270-S05037307100-20150318102048-blockImg-plus1.png
p-R0484586270-S05037307100-20150318102048-blockImg-plus2.png
p-R0484586270-S05037307100-20150318102059-blockImg-plus1.png
p-R0484586270-S05037307100-20150318102059-blockImg-plus2.png
p-R0484586270-S05037307100-20150318102110-blockImg-plus1.png
p-R0484586270-S05037307100-20150318102110-blockImg-plus2.png
p-R0484586270-S05037307100-20150318102120-blockImg-plus1.png
p-R0484586270-S05037307100-20150318102120-blockImg-plus2.png
p-R0484586270-S05037307100-20150318102130-blockImg-plus1.png
p-R0484586270-S05037307100-20150318102130-blockImg-plus2.png
p-R0484586270-S05037307100-20150318102141-blockImg-plus1.png
p-R0484586270-S05037307100-20150318102141-blockImg-plus2.png
p-R0484586270-S05037307100-20150318102151-blockImg-plus1.png
p-R0484586270-S05037307100-20150318102151-blockImg-plus2.png
p-R0484586270-S05037307100-20150318102202-blockImg-plus1.png
p-R0484586270-S05037307100-20150318102202-blockImg-plus2.png
p-R0484586270-S05037307100-20150318121007-blockImg-plus1.png
p-R0484586270-S05037307100-20150318121007-blockImg-plus2.png
p-R0484586305-S05037307100-20150316130007-blockImg-plus1.png
p-R0484586305-S05037307100-20150316130007-blockImg-plus2.png
p-R0484687983-S05037307100-20150317100016-blockImg-plus1.png
p-R0484687983-S05037307100-20150317100016-blockImg-plus2.png
p-R0484687985-S05037307100-20150316110007-blockImg-plus1.png
p-R0484687985-S05037307100-20150316110007-blockImg-plus2.png
p-R0484687985-S05037307100-20150316150007-blockImg-plus1.png
p-R0484687985-S05037307100-20150316150007-blockImg-plus2.png
p-R0484687985-S05037307100-20150316150018-blockImg-plus1.png
p-R0484687985-S05037307100-20150316150018-blockImg-plus2.png
p-R0484687985-S05037307100-20150318135016-blockImg-plus1.png
p-R0484687985-S05037307100-20150318135016-blockImg-plus2.png
p-R0484690326-S05037307100-20150312123507-blockImg-plus1.png
p-R0484690326-S05037307100-20150312123507-blockImg-plus2.png
p-R0484690326-S05037307100-20150313133203-blockImg-plus1.png
p-R0484690326-S05037307100-20150313133203-blockImg-plus2.png
p-R0484690326-S05037307100-20150313163008-blockImg-plus1.png
p-R0484690326-S05037307100-20150313163008-blockImg-plus2.png
p-R0484690326-S05037307100-20150317120007-blockImg-plus1.png
p-R0484690326-S05037307100-20150317120007-blockImg-plus2.png
p-R0484691736-S05037307100-20150317160008-blockImg-plus1.png
p-R0484691736-S05037307100-20150317160008-blockImg-plus2.png
p-R0484691736-S05037307100-20150317160018-blockImg-plus1.png
p-R0484691736-S05037307100-20150317160018-blockImg-plus2.png
p-R0484691736-S05037307100-20150317160028-blockImg-plus1.png
p-R0484691736-S05037307100-20150317160028-blockImg-plus2.png
p-R0484691736-S05037307100-20150317160038-blockImg-plus1.png
p-R0484691736-S05037307100-20150317160038-blockImg-plus2.png
p-R0484691736-S05037307100-20150317160048-blockImg-plus1.png
p-R0484691736-S05037307100-20150317160048-blockImg-plus2.png
p-R0484691736-S05037307100-20150317160059-blockImg-plus1.png
p-R0484691736-S05037307100-20150317160059-blockImg-plus2.png
p-R0484691736-S05037307100-20150317160117-blockImg-plus1.png
p-R0484691736-S05037307100-20150317160117-blockImg-plus2.png
p-R0484691736-S05037307100-20150317160127-blockImg-plus1.png
p-R0484691736-S05037307100-20150317160127-blockImg-plus2.png
p-R0484691736-S05037307100-20150317160137-blockImg-plus1.png
p-R0484691736-S05037307100-20150317160137-blockImg-plus2.png
p-R0484691736-S05037307100-20150317160147-blockImg-plus1.png
p-R0484691736-S05037307100-20150317160147-blockImg-plus2.png
p-R0484691736-S05037307100-20150317160157-blockImg-plus1.png
p-R0484691736-S05037307100-20150317160157-blockImg-plus2.png
p-R0783042700-S05037307100-20150313161007-blockImg-plus1.png
p-R0783042700-S05037307100-20150313161007-blockImg-plus2.png
p-R0828301660-S05037307100-20150317194007-blockImg-plus1.png
p-R0828301660-S05037307100-20150317194007-blockImg-plus2.png
p-RUNNUMBER-S05037307100-20150314193008-blockImg-plus1.png
p-RUNNUMBER-S05037307100-20150314193008-blockImg-plus2.png
