b-006-20100219235617-blockImg-accept_child.png
b-006-20100222113753-blockImg-accept_child.png
b-007-20100219235611-blockImg-accept_child.png
b-007-20100222113747-blockImg-accept_child.png
b-20120220155007721.png
b-20120220155007722.png
b-20120222151007721.png
b-20120222151007722.png
b-20120222155608721.png
b-20120222155608722.png
b-20120222163639721.png
b-20120222163639722.png
b-20120222164006721.png
b-20120222222007421.png
b-20120222222007422.png
b-20120223000009421.png
b-20120223000009422.png
b-20120223000037421.png
b-20120223000037422.png
b-20120223074006621.png
b-20120223074006622.png
b-20120227220007521.png
b-20120227220007522.png
b-20120228144007321.png
b-20120228144007322.png
b-20120302151008721.png
b-20120303145007121.png
b-20120303145007122.png
b-20120309112008721.png
b-20120309112008722.png
b-20120309113014722.png
b-20120309113024721.png
b-20120309113024722.png
b-20120309113033721.png
b-20120309113033722.png
b-20120309113421721.png
b-20120309113421722.png
b-20120309113657722.png
b-20120309113707721.png
b-20120309113707722.png
b-20120309114056721.png
b-20120309114056722.png
b-20120309114339721.png
b-20120309114339722.png
b-20120309134010721.png
b-20120309134010722.png
b-20120309134018721.png
b-20120309134018722.png
b-20120309134027721.png
b-20120309134027722.png
b-20120309134421721.png
b-20120309134421722.png
b-20120309135017721.png
b-20120309135017722.png
b-20120309135025721.png
b-20120309135025722.png
b-20120309135356721.png
b-20120309135356722.png
b-20120309135423721.png
b-20120309135423722.png
b-20120309135655721.png
b-20120309135655722.png
b-20120309135846721.png
b-20120309135846722.png
b-20120309140032721.png
b-20120309140032722.png
b-20120309140037721.png
b-20120309140037722.png
b-20120309140331721.png
b-20120309140331722.png
b-20120309140335721.png
b-20120309140335722.png
b-20120309140710721.png
b-20120309140710722.png
b-20120309140712721.png
b-20120309140712722.png
b-20120309141129721.png
b-20120309141129722.png
b-20120309141131721.png
b-20120309141131722.png
b-20120309141135721.png
b-20120309141135722.png
b-20120309141529721.png
b-20120309141529722.png
b-20120309141530721.png
b-20120309141530722.png
b-20120309145009721.png
b-20120309145009722.png
b-20120309145101721.png
b-20120309145101722.png
b-20120309145342721.png
b-20120309145342722.png
m-002-20100303083001-blockImg-turn.png
m-002-20100310084002-blockImg-turn.png
m-002-20100311083002-blockImg-turn.png
m-002-20100312083001-blockImg-turn.png
m-002-20100313083002-blockImg-turn.png
m-002-20100314080002-blockImg-turn.png
m-002-20100315084001-blockImg-turn.png
m-002-20100316083002-blockImg-turn.png
m-002-20100324084001-blockImg-turn.png
m-002-20100325084001-blockImg-turn.png
m-002-20100326083002-blockImg-turn.png
m-002-20100327091002-blockImg-turn.png
m-002-20100328082001-blockImg-turn.png
m-002-20100329083002-blockImg-turn.png
m-002-20100330083002-blockImg-turn.png
m-002-20100408083001-blockImg-turn.png
m-002-20100409083002-blockImg-turn.png
m-002-20100410085013-blockImg-turn.png
m-002-20100411091001-blockImg-turn.png
m-002-20100413083002-blockImg-turn.png
m-002-20100421083002-blockImg-turn.png
m-002-20100422083002-blockImg-turn.png
m-002-20100423083002-blockImg-turn.png
m-002-20100424082002-blockImg-turn.png
m-002-20100425083001-blockImg-turn.png
m-002-20100426084001-blockImg-turn.png
m-002-20100506083002-blockImg-turn.png
m-002-20100507083002-blockImg-turn.png
m-002-20100509091001-blockImg-turn.png
m-002-20100510083002-blockImg-turn.png
m-002-20100511083002-blockImg-turn.png
m-002-20100521083002-blockImg-turn.png
m-002-20100522085007-blockImg-turn.png
m-002-20100524083001-blockImg-turn.png
m-002-20100602083001-blockImg-turn.png
m-002-20100603083001-blockImg-turn.png
m-002-20100604084002-blockImg-turn.png
m-002-20100605084002-blockImg-turn.png
m-002-20100606082002-blockImg-turn.png
m-002-20100607083002-blockImg-turn.png
m-002-20100608083002-blockImg-turn.png
m-002-20100620091002-blockImg-turn.png
m-002-20100621083002-blockImg-turn.png
m-002-20100630083001-blockImg-turn.png
m-002-20100701083002-blockImg-turn.png
m-002-20100702083002-blockImg-turn.png
m-002-20100703084001-blockImg-turn.png
m-002-20100714083001-blockImg-turn.png
m-002-20100715082002-blockImg-turn.png
m-002-20100716083002-blockImg-turn.png
m-002-20100717084001-blockImg-turn.png
m-002-20100718082001-blockImg-turn.png
m-002-20100729083001-blockImg-turn.png
m-002-20100730083002-blockImg-turn.png
m-002-20100731082002-blockImg-turn.png
m-003-20100420085007-blockImg-turn.png
m-003-20100427090002-blockImg-turn.png
m-003-20100518085002-blockImg-turn.png
m-003-20100525085002-blockImg-turn.png
m-003-20100622085001-blockImg-turn.png
m-003-20100713090008-blockImg-turn.png
m-003-20100720084001-blockImg-turn.png
m-004-20100226135002-blockImg-turn.png
m-004-20100226145001-blockImg-turn.png
m-005-20100304142002-blockImg-turn.png
m-009-20100308084002-blockImg-turn.png
m-009-20100309083002-blockImg-turn.png
m-009-20100317085002-blockImg-turn.png
m-009-20100319091001-blockImg-turn.png
m-009-20100323085002-blockImg-turn.png
m-009-20100331085007-blockImg-turn.png
m-009-20100401084013-blockImg-turn.png
m-009-20100402091002-blockImg-turn.png
m-009-20100403083001-blockImg-turn.png
m-009-20100405085002-blockImg-turn.png
m-009-20100406084002-blockImg-turn.png
m-009-20100414084001-blockImg-turn.png
m-009-20100415084001-blockImg-turn.png
m-009-20100416084002-blockImg-turn.png
m-009-20100417084002-blockImg-turn.png
m-009-20100428085007-blockImg-turn.png
m-009-20100430085002-blockImg-turn.png
m-009-20100512090002-blockImg-turn.png
m-009-20100513084002-blockImg-turn.png
m-009-20100514085013-blockImg-turn.png
m-009-20100517084001-blockImg-turn.png
m-009-20100520084007-blockImg-turn.png
m-009-20100526090008-blockImg-turn.png
m-009-20100527084002-blockImg-turn.png
m-009-20100529082002-blockImg-turn.png
m-009-20100531090001-blockImg-turn.png
m-009-20100601085002-blockImg-turn.png
m-009-20100609083008-blockImg-turn.png
m-009-20100610094011-blockImg-turn.png
m-009-20100611085002-blockImg-turn.png
m-009-20100612084001-blockImg-turn.png
m-009-20100623083001-blockImg-turn.png
m-009-20100624085001-blockImg-turn.png
m-009-20100625084001-blockImg-turn.png
m-009-20100626085002-blockImg-turn.png
m-009-20100628084002-blockImg-turn.png
m-009-20100629085007-blockImg-turn.png
m-009-20100709090007-blockImg-turn.png
m-009-20100710091002-blockImg-turn.png
m-009-20100712093002-blockImg-turn.png
m-009-20100721085002-blockImg-turn.png
m-009-20100722092002-blockImg-turn.png
m-009-20100723090002-blockImg-turn.png
m-009-20100724085001-blockImg-turn.png
m-009-20100726085002-blockImg-turn.png
m-009-20100727090002-blockImg-turn.png
m-20120220155007721.png
m-20120220155007722.png
m-20120222143006721.png
m-20120222151007721.png
m-20120222151007722.png
m-20120222155608721.png
m-20120222155608722.png
m-20120222163639721.png
m-20120222163639722.png
m-20120222164006721.png
m-20120222222007421.png
m-20120222222007422.png
m-20120223000009421.png
m-20120223000009422.png
m-20120223000037421.png
m-20120223000037422.png
m-20120223074006621.png
m-20120223074006622.png
m-20120227220007521.png
m-20120227220007522.png
m-20120228144007321.png
m-20120228144007322.png
m-20120302151008721.png
m-20120302151008722.png
m-20120303145007121.png
m-20120303145007122.png
m-20120309112008721.png
m-20120309112008722.png
m-20120309113014721.png
m-20120309113014722.png
m-20120309113024721.png
m-20120309113024722.png
m-20120309113033721.png
m-20120309113033722.png
m-20120309113421721.png
m-20120309113421722.png
m-20120309113657721.png
m-20120309113657722.png
m-20120309113707721.png
m-20120309113707722.png
m-20120309114056721.png
m-20120309114056722.png
m-20120309114339721.png
m-20120309114339722.png
m-20120309134010721.png
m-20120309134010722.png
m-20120309134018721.png
m-20120309134018722.png
m-20120309134027721.png
m-20120309134027722.png
m-20120309134421721.png
m-20120309134421722.png
m-20120309135017721.png
m-20120309135025721.png
m-20120309135025722.png
m-20120309135356721.png
m-20120309135356722.png
m-20120309135423721.png
m-20120309135423722.png
m-20120309135655721.png
m-20120309135655722.png
m-20120309135846721.png
m-20120309135846722.png
m-20120309140032721.png
m-20120309140032722.png
m-20120309140037721.png
m-20120309140037722.png
m-20120309140331721.png
m-20120309140331722.png
m-20120309140335721.png
m-20120309140335722.png
m-20120309140710721.png
m-20120309140710722.png
m-20120309140712721.png
m-20120309140712722.png
m-20120309141129721.png
m-20120309141129722.png
m-20120309141131721.png
m-20120309141131722.png
m-20120309141135721.png
m-20120309141135722.png
m-20120309141529721.png
m-20120309141529722.png
m-20120309141530721.png
m-20120309141530722.png
m-20120309145009721.png
m-20120309145009722.png
m-20120309145101721.png
m-20120309145101722.png
m-20120309145342721.png
m-20120309145342722.png
s-006-20100219235620-blockImg-accept_child.png
s-006-20100222113756-blockImg-accept_child.png
s-20120220155007721.png
s-20120220155007722.png
s-20120222151007721.png
s-20120222151007722.png
s-20120222155608721.png
s-20120222155608722.png
s-20120222163639721.png
s-20120222163639722.png
s-20120222164006721.png
s-20120222222007421.png
s-20120222222007422.png
s-20120223000009421.png
s-20120223000009422.png
s-20120223000037421.png
s-20120223000037422.png
s-20120223074006621.png
s-20120223074006622.png
s-20120227220007521.png
s-20120227220007522.png
s-20120228144007321.png
s-20120228144007322.png
s-20120302151008721.png
s-20120303145007121.png
s-20120303145007122.png
s-20120309112008721.png
s-20120309112008722.png
s-20120309113014721.png
s-20120309113014722.png
s-20120309113024721.png
s-20120309113024722.png
s-20120309113033721.png
s-20120309113033722.png
s-20120309113421721.png
s-20120309113657722.png
s-20120309113707721.png
s-20120309113707722.png
s-20120309114056721.png
s-20120309114056722.png
s-20120309114339721.png
s-20120309114339722.png
s-20120309134010721.png
s-20120309134010722.png
s-20120309134018721.png
s-20120309134018722.png
s-20120309134027721.png
s-20120309134027722.png
s-20120309134421721.png
s-20120309134421722.png
s-20120309135017721.png
s-20120309135017722.png
s-20120309135025721.png
s-20120309135025722.png
s-20120309135356721.png
s-20120309135356722.png
s-20120309135423721.png
s-20120309135423722.png
s-20120309135655721.png
s-20120309135655722.png
s-20120309135846721.png
s-20120309135846722.png
s-20120309140032721.png
s-20120309140032722.png
s-20120309140037721.png
s-20120309140037722.png
s-20120309140331721.png
s-20120309140331722.png
s-20120309140335721.png
s-20120309140335722.png
s-20120309140710721.png
s-20120309140710722.png
s-20120309140712721.png
s-20120309140712722.png
s-20120309141129721.png
s-20120309141129722.png
s-20120309141131721.png
s-20120309141131722.png
s-20120309141135721.png
s-20120309141135722.png
s-20120309141529721.png
s-20120309141529722.png
s-20120309141530721.png
s-20120309141530722.png
s-20120309145009721.png
s-20120309145009722.png
s-20120309145101721.png
s-20120309145101722.png
s-20120309145342721.png
s-20120309145342722.png
