z-H5-0-61330.png
z-RTLAMP-0-19507.png
z-bihei-0-37225.png
z-bihei-0-55585.png
z-bijuu-0-31492.png
z-echo_request_and_send_analyzed_data-0-37732.png
z-hanakami-0-14913.png
z-intounugui-0-55763.png
z-intoutuu-0-54802.png
z-intoutuu-32071.png
z-ippanbyoutou-0-51466.png
z-jinkoukokyuuki-0-46769.png
z-kaigaitokoureki-0-27960.png
z-kakutan-0-11300.png
z-kakutan-0-19201.png
z-kakutan-0-23690.png
z-kakutan-0-25133.png
z-kakutan-0-45855.png
z-kakutan-0-57395.png
z-keishou-0-6165.png
z-kensakekka-b-0-12180.png
z-kensakekka-sonota-0-44554.png
z-kensasyudan-sonota-0-21419.png
z-kikankyuuinn-0-10619.png
z-kisetsuseiH3-0-62839.png
z-otoko-0-21667.png
z-sansotouyo-0-61319.png
z-singata-0-20482.png
z-toriH5-0-5872.png
z-toriH7-0-29056.png
